fatal: Server error: CartNotFound: Error trying to get a cart
fatal: Server error: CartNotFound: Error trying to get a cart
fatal: Server error: CartNotFound: Error trying to get a cart
fatal: Server error: CartNotFound: Error trying to get a cart
fatal: Server error: ProductNotFound: Error trying to get a product
fatal: Server error: ProductNotFound: Error trying to get a product
fatal: Server error: ProductNotFound: Error trying to get a product
fatal: Server error: ProductNotFound: Error trying to get a product
error: undefined
error: undefined
error: undefined
error: undefined
error: undefined
fatal: Server error: TypeError: controller.resetPassword is not a function
fatal: Server error: No se pudo resetear la password!
fatal: Server error: ReferenceError: email is not defined
fatal: Server error: ReferenceError: email is not defined
fatal: Server error: ReferenceError: email is not defined
fatal: Server error: ReferenceError: email is not defined
fatal: Server error: ReferenceError: email is not defined
fatal: Server error: ReferenceError: email is not defined
fatal: Server error: ReferenceError: _email is not defined
fatal: Server error: ReferenceError: _email is not defined
fatal: Server error: ReferenceError: _email is not defined
fatal: Server error: ReferenceError: _email is not defined
fatal: Server error: No se pudo resetear la password!
fatal: Server error: No se pudo resetear la password!
fatal: Server error: No se pudo resetear la password!
fatal: Server error: No se pudo resetear la password!
fatal: Server error: No se pudo resetear la password!
fatal: Server error: No se pudo resetear la password!
fatal: Server error: No se pudo resetear la password!
fatal: Server error: No se pudo resetear la password!
fatal: Server error: No se pudo resetear la password!
error: Not found error: El usuario con código '66590b95ffba4ad544bb7fa7' no existe.
fatal: Server error: ReferenceError: productActual is not defined
fatal: Server error: Error [ERR_HTTP_HEADERS_SENT]: Cannot set headers after they are sent to the client
fatal: Server error: ProductNotFound: Error trying to get a product
fatal: Server error: TypeError: Cannot read properties of undefined (reading 'email')
fatal: Server error: ReferenceError: result is not defined
fatal: Server error: ReferenceError: CustomError is not defined
fatal: Server error: ReferenceError: cartId is not defined
fatal: Server error: InvalidAction: Error trying to add a product to a cart
fatal: Server error: InvalidAction: Error trying to add a product to a cart
fatal: Server error: InvalidAction: Error trying to add a product to a cart
fatal: Server error: InvalidAction: Error trying to add a product to a cart
fatal: Server error: InvalidAction: Error trying to add a product to a cart
fatal: Server error: InvalidAction: Error trying to add a product to a cart
fatal: Server error: InvalidAction: Error trying to add a product to a cart
fatal: Server error: InvalidAction: Error trying to add a product to a cart
fatal: Server error: InvalidAction: Error trying to add a product to a cart
fatal: Server error: InvalidAction: Error trying to add a product to a cart
fatal: Server error: InvalidAction: Error trying to add a product to a cart
fatal: Server error: ReferenceError: logedUser is not defined
fatal: Server error: ReferenceError: quantity is not defined
fatal: Server error: ReferenceError: quantity is not defined
fatal: Server error: ReferenceError: quantity is not defined
fatal: Server error: ReferenceError: quantity is not defined
fatal: Fatal error: Error
fatal: Fatal error: Error
error: Not found error: El usuario con código '66590b95ffba4ad544bb7fa7' no existe.
fatal: Server error: InvalidAction: Error trying to add a product to a cart
fatal: Server error: InvalidAction: Error trying to add a product to a cart
fatal: Server error: InvalidAction: Error trying to add a product to a cart
fatal: Server error: InvalidAction: Error trying to add a product to a cart
error: ERROR test example
fatal: FATAL test example
fatal: Server error: ProductNotFound: Error trying to get a product
fatal: Server error: ProductNotFound: Error trying to get a product
fatal: Server error: ProductNotFound: Error trying to get a product
fatal: Server error: ProductNotFound: Error trying to get a product
fatal: Server error: TypeError: Cannot read properties of undefined (reading 'rol')
fatal: Server error: TypeError: Cannot read properties of undefined (reading 'rol')
fatal: Server error: TypeError: Cannot read properties of undefined (reading 'rol')
fatal: Server error: TypeError: Cannot read properties of undefined (reading 'rol')
fatal: Server error: Registración errónea.!
fatal: Server error: ProductNotFound: Error trying to get a product
fatal: Server error: InvalidProductData: Error trying to create a new product
fatal: Server error: InvalidProductData: Error trying to create a new product
fatal: Server error: ProductNotFound: Error trying to get a product
fatal: Server error: ProductNotFound: Error trying to get a product
fatal: Server error: TypeError: Cannot read properties of undefined (reading 'email')
fatal: Server error: TypeError: Cannot read properties of undefined (reading 'email')
fatal: Server error: TypeError: Cannot read properties of undefined (reading 'email')
fatal: Server error: TypeError: Cannot read properties of undefined (reading 'email')
error: Not found error: El usuario con código '669739c32dd59d50474d03f9' no existe.
error: Not found error: El usuario con código '66973a0d76f39f92c605d74d' no existe.
error: Not found error: El usuario con código '66973a3cfcedf71a0bfd908c' no existe.
error: Not found error: El usuario con código '66973a66b38ce796fca70323' no existe.
error: Not found error: El usuario con código '66973a95a65f7526ea0c3d87' no existe.
error: Not found error: El usuario con código '66973adc0e4f5178f4f50109' no existe.
error: Not found error: El usuario con código '66973b1338a756e46412bc1d' no existe.
error: Not found error: El usuario con código '66973b964c1e4c9e7d03801e' no existe.
fatal: Server error: InvalidAction: Error trying to add a product to a cart
fatal: Server error: InvalidAction: Error trying to add a product to a cart
fatal: Server error: InvalidAction: Error trying to add a product to a cart
fatal: Server error: InvalidActionnnn: Error trying to add a product to a cart
fatal: Server error: InvalidAction: Error trying to add a product to a cart
fatal: Server error: InvalidAction: Error trying to add a product to a cart
fatal: Server error: InvalidAction: Error trying to add a product to a cart
fatal: Server error: InvalidAction: Error trying to add a product to a cart
error: Error: El servidor no pudo entender la solicitud debido a una sintaxis incorrecta.
fatal: Server error: InvalidAction: Error trying to add a product to a cart
error: Error: El servidor no pudo entender la solicitud debido a una sintaxis incorrecta.
fatal: Server error: InvalidAction: Error trying to add a product to a cart
error: Error: El servidor no pudo entender la solicitud debido a una sintaxis incorrecta.
error: Error: El servidor no pudo entender la solicitud debido a una sintaxis incorrecta.
fatal: Server error: InvalidAction: Error trying to add a product to a cart
fatal: Server error: InvalidAction: Error trying to add a product to a cart
fatal: Server error: InvalidAction: Error trying to add a product to a cart
fatal: Server error: InvalidAction: Error trying to add a product to a cart
fatal: Server error: InvalidAction: Error trying to add a product to a cart
fatal: Server error: InvalidAction: Error trying to add a product to a cart
fatal: Server error: InvalidAction: Error trying to add a product to a cart
fatal: Server error: InvalidAction: Error trying to add a product to a cart
fatal: Server error: InvalidAction: Error trying to add a product to a cart
fatal: Server error: Registración errónea.!
fatal: Server error: Registración errónea.!
fatal: Server error: Registración errónea.!
fatal: Server error: InvalidAction: Error trying to add a product to a cart
fatal: Server error: InvalidAction: Error trying to add a product to a cart
fatal: Server error: InvalidAction: Error trying to add a product to a cart
fatal: Server error: InvalidAction: Error trying to add a product to a cart
fatal: Server error: InvalidAction: Error trying to add a product to a cart
fatal: Server error: Registración errónea.!
fatal: Server error: InvalidAction: Error trying to add a product to a cart
fatal: Server error: InvalidAction: Error trying to add a product to a cart
fatal: Server error: InvalidAction: Error trying to add a product to a cart
fatal: Server error: InvalidAction: Error trying to add a product to a cart
fatal: Server error: InvalidAction: Error trying to add a product to a cart
fatal: Server error: InvalidAction: Error trying to add a product to a cart
fatal: Server error: InvalidAction: Error trying to add a product to a cart
fatal: Server error: InvalidAction: Error trying to add a product to a cart
fatal: Server error: InvalidAction: Error trying to add a product to a cart
fatal: Server error: InvalidAction: Error trying to add a product to a cart
fatal: Server error: InvalidAction: Error trying to add a product to a cart
fatal: Server error: InvalidAction: Error trying to add a product to a cart
fatal: Server error: InvalidAction: Error trying to add a product to a cart
fatal: Server error: InvalidAction: Error trying to add a product to a cart
